0 info it worked if it ends with ok
1 verbose cli [ '/Users/steventhomas/.nvm/v0.10.26/bin/node',
1 verbose cli   '/Users/steventhomas/.nvm/v0.10.26/bin/npm',
1 verbose cli   'run',
1 verbose cli   'devserve' ]
2 info using npm@1.4.3
3 info using node@v0.10.26
4 error Error: ENOENT, open '/Users/steventhomas/projects/titeotw/client/package.json'
5 error If you need help, you may report this *entire* log,
5 error including the npm and node versions, at:
5 error     <http://github.com/npm/npm/issues>
6 error System Darwin 14.0.0
7 error command "/Users/steventhomas/.nvm/v0.10.26/bin/node" "/Users/steventhomas/.nvm/v0.10.26/bin/npm" "run" "devserve"
8 error cwd /Users/steventhomas/projects/titeotw/client
9 error node -v v0.10.26
10 error npm -v 1.4.3
11 error path /Users/steventhomas/projects/titeotw/client/package.json
12 error code ENOENT
13 error errno 34
14 verbose exit [ 34, true ]
